<?xml version="1.0" encoding="UTF-8"?>
<testsuite xmlns:xsi="http://www.w3.org/2001/XMLSchema-instance" xsi:noNamespaceSchemaLocation="https://maven.apache.org/surefire/maven-surefire-plugin/xsd/surefire-test-report-3.0.xsd" version="3.0" name="com.example.demo.DemoApplicationTests" time="13.909" tests="1" errors="0" skipped="0" failures="0">
  <properties>
[...]
</properties>
  <testcase name="contextLoads" classname="com.example.demo.DemoApplicationTests" time="0.748">
    <system-out><![CDATA[13:38:50.103 [main] INFO org.springframework.test.context.support.AnnotationConfigContextLoaderUtils -- Could not detect default configuration classes for test class [com.example.demo.DemoApplicationTests]: DemoApplicationTests does not declare any static, non-private, non-final, nested classes annotated with @Configuration.
13:38:50.246 [main] INFO org.springframework.boot.test.context.SpringBootTestContextBootstrapper -- Found @SpringBootConfiguration com.example.demo.DemoApplication for test class com.example.demo.DemoApplicationTests

  .   ____          _            __ _ _
 /\\ / ___'_ __ _ _(_)_ __  __ _ \ \ \ \
( ( )\___ | '_ | '_| | '_ \/ _` | \ \ \ \
 \\/  ___)| |_)| | | | | || (_| |  ) ) ) )
  '  |____| .__|_| |_|_| |_\__, | / / / /
 =========|_|==============|___/=/_/_/_/
 :: Spring Boot ::                (v3.2.0)

2025-08-10T13:38:50.957+08:00  INFO 9420 --- [spring-boot-demo] [           main] com.example.demo.DemoApplicationTests    : Starting DemoApplicationTests using Java 17.0.12 with PID 9420 (started by xmr in C:\Users\xmr\Documents\project\rent-house-backEnd)
2025-08-10T13:38:50.957+08:00 DEBUG 9420 --- [spring-boot-demo] [           main] com.example.demo.DemoApplicationTests    : Running with Spring Boot v3.2.0, Spring v6.1.1
2025-08-10T13:38:50.957+08:00  INFO 9420 --- [spring-boot-demo] [           main] com.example.demo.DemoApplicationTests    : No active profile set, falling back to 1 default profile: "default"
2025-08-10T13:38:52.839+08:00  INFO 9420 --- [spring-boot-demo] [           main] .s.d.r.c.RepositoryConfigurationDelegate : Bootstrapping Spring Data JPA repositories in DEFAULT mode.
2025-08-10T13:38:52.996+08:00  INFO 9420 --- [spring-boot-demo] [           main] .s.d.r.c.RepositoryConfigurationDelegate : Finished Spring Data repository scanning in 123 ms. Found 6 JPA repository interfaces.
2025-08-10T13:38:54.443+08:00  INFO 9420 --- [spring-boot-demo] [           main] o.hibernate.jpa.internal.util.LogHelper  : HHH000204: Processing PersistenceUnitInfo [name: default]
2025-08-10T13:38:54.550+08:00  INFO 9420 --- [spring-boot-demo] [           main] org.hibernate.Version                    : HHH000412: Hibernate ORM core version 6.3.1.Final
2025-08-10T13:38:54.636+08:00  INFO 9420 --- [spring-boot-demo] [           main] o.h.c.internal.RegionFactoryInitiator    : HHH000026: Second-level cache disabled
2025-08-10T13:38:55.147+08:00  INFO 9420 --- [spring-boot-demo] [           main] o.s.o.j.p.SpringPersistenceUnitInfo      : No LoadTimeWeaver setup: ignoring JPA class transformer
2025-08-10T13:38:55.216+08:00  INFO 9420 --- [spring-boot-demo] [           main] com.zaxxer.hikari.HikariDataSource       : HikariPool-1 - Starting...
2025-08-10T13:38:55.502+08:00  INFO 9420 --- [spring-boot-demo] [           main] com.zaxxer.hikari.pool.HikariPool        : HikariPool-1 - Added connection org.postgresql.jdbc.PgConnection@1aaaabd1
2025-08-10T13:38:55.502+08:00  INFO 9420 --- [spring-boot-demo] [           main] com.zaxxer.hikari.HikariDataSource       : HikariPool-1 - Start completed.
2025-08-10T13:38:55.564+08:00  WARN 9420 --- [spring-boot-demo] [           main] org.hibernate.orm.deprecation            : HHH90000025: PostgreSQLDialect does not need to be specified explicitly using 'hibernate.dialect' (remove the property setting and it will be selected by default)
2025-08-10T13:38:57.094+08:00  INFO 9420 --- [spring-boot-demo] [           main] o.h.e.t.j.p.i.JtaPlatformInitiator       : HHH000489: No JTA platform available (set 'hibernate.transaction.jta.platform' to enable JTA platform integration)
2025-08-10T13:38:57.213+08:00  INFO 9420 --- [spring-boot-demo] [           main] j.LocalContainerEntityManagerFactoryBean : Initialized JPA EntityManagerFactory for persistence unit 'default'
2025-08-10T13:38:57.746+08:00  INFO 9420 --- [spring-boot-demo] [           main] o.s.d.j.r.query.QueryEnhancerFactory     : Hibernate is in classpath; If applicable, HQL parser will be used.
2025-08-10T13:39:00.281+08:00  WARN 9420 --- [spring-boot-demo] [           main] JpaBaseConfiguration$JpaWebConfiguration : spring.jpa.open-in-view is enabled by default. Therefore, database queries may be performed during view rendering. Explicitly configure spring.jpa.open-in-view to disable this warning
2025-08-10T13:39:01.478+08:00  INFO 9420 --- [spring-boot-demo] [           main] o.s.b.a.e.web.EndpointLinksResolver      : Exposing 4 endpoint(s) beneath base path '/actuator'
2025-08-10T13:39:01.583+08:00  INFO 9420 --- [spring-boot-demo] [           main] o.s.s.web.DefaultSecurityFilterChain     : Will secure any request with [org.springframework.security.web.session.DisableEncodeUrlFilter@2b4f99e5, org.springframework.security.web.context.request.async.WebAsyncManagerIntegrationFilter@1e594828, org.springframework.security.web.context.SecurityContextHolderFilter@147c3a88, org.springframework.security.web.header.HeaderWriterFilter@5281b134, org.springframework.security.web.authentication.logout.LogoutFilter@685d92cf, com.example.demo.security.JwtAuthenticationFilter@7231c423, org.springframework.security.web.savedrequest.RequestCacheAwareFilter@2f336e00, org.springframework.security.web.servletapi.SecurityContextHolderAwareRequestFilter@43549693, org.springframework.security.web.authentication.AnonymousAuthenticationFilter@5b3eb1dd, org.springframework.security.web.session.SessionManagementFilter@47caa1ff, org.springframework.security.web.access.ExceptionTranslationFilter@4c4bff52, org.springframework.security.web.access.intercept.AuthorizationFilter@4b8f60fe]
2025-08-10T13:39:02.779+08:00  INFO 9420 --- [spring-boot-demo] [           main] com.example.demo.DemoApplicationTests    : Started DemoApplicationTests in 12.267 seconds (process running for 13.687)
2025-08-10T13:39:02.948+08:00 DEBUG 9420 --- [spring-boot-demo] [           main] org.hibernate.SQL                        : 
    select
        count(*) 
    from
        users u1_0
Hibernate: 
    select
        count(*) 
    from
        users u1_0
2025-08-10T13:39:02.957+08:00  INFO 9420 --- [spring-boot-demo] [           main] c.example.demo.config.DataInitializer    : 数据库中已有数据，跳过初始化
]]></system-out>
  </testcase>
</testsuite>