<?xml version="1.0" encoding="UTF-8"?>
<testsuite xmlns:xsi="http://www.w3.org/2001/XMLSchema-instance" xsi:noNamespaceSchemaLocation="https://maven.apache.org/surefire/maven-surefire-plugin/xsd/surefire-test-report-3.0.xsd" version="3.0" name="com.example.demo.DemoApplicationTests" time="4.789" tests="1" errors="0" skipped="0" failures="0">
  <properties>
[...]
</properties>
  <testcase name="contextLoads" classname="com.example.demo.DemoApplicationTests" time="0.266">
    <system-out><![CDATA[16:26:53.886 [main] INFO org.springframework.test.context.support.AnnotationConfigContextLoaderUtils -- Could not detect default configuration classes for test class [com.example.demo.DemoApplicationTests]: DemoApplicationTests does not declare any static, non-private, non-final, nested classes annotated with @Configuration.
16:26:53.943 [main] INFO org.springframework.boot.test.context.SpringBootTestContextBootstrapper -- Found @SpringBootConfiguration com.example.demo.DemoApplication for test class com.example.demo.DemoApplicationTests

  .   ____          _            __ _ _
 /\\ / ___'_ __ _ _(_)_ __  __ _ \ \ \ \
( ( )\___ | '_ | '_| | '_ \/ _` | \ \ \ \
 \\/  ___)| |_)| | | | | || (_| |  ) ) ) )
  '  |____| .__|_| |_|_| |_\__, | / / / /
 =========|_|==============|___/=/_/_/_/
&amp#27;[32m :: Spring Boot :: &amp#27;[39m              &amp#27;[2m (v3.2.0)&amp#27;[0;39m

&amp#27;[2m2025-07-31T16:26:54.145+08:00&amp#27;[0;39m &amp#27;[32m INFO&amp#27;[0;39m &amp#27;[35m43458&amp#27;[0;39m &amp#27;[2m---&amp#27;[0;39m &amp#27;[2m[spring-boot-demo] [           main]&amp#27;[0;39m &amp#27;[2m&amp#27;[0;39m&amp#27;[36mcom.example.demo.DemoApplicationTests   &amp#27;[0;39m &amp#27;[2m:&amp#27;[0;39m Starting DemoApplicationTests using Java 24.0.2 with PID 43458 (started by ben in /Users/ben/Desktop/spring-boot-demo)
&amp#27;[2m2025-07-31T16:26:54.145+08:00&amp#27;[0;39m &amp#27;[32mDEBUG&amp#27;[0;39m &amp#27;[35m43458&amp#27;[0;39m &amp#27;[2m---&amp#27;[0;39m &amp#27;[2m[spring-boot-demo] [           main]&amp#27;[0;39m &amp#27;[2m&amp#27;[0;39m&amp#27;[36mcom.example.demo.DemoApplicationTests   &amp#27;[0;39m &amp#27;[2m:&amp#27;[0;39m Running with Spring Boot v3.2.0, Spring v6.1.1
&amp#27;[2m2025-07-31T16:26:54.146+08:00&amp#27;[0;39m &amp#27;[32m INFO&amp#27;[0;39m &amp#27;[35m43458&amp#27;[0;39m &amp#27;[2m---&amp#27;[0;39m &amp#27;[2m[spring-boot-demo] [           main]&amp#27;[0;39m &amp#27;[2m&amp#27;[0;39m&amp#27;[36mcom.example.demo.DemoApplicationTests   &amp#27;[0;39m &amp#27;[2m:&amp#27;[0;39m No active profile set, falling back to 1 default profile: "default"
&amp#27;[2m2025-07-31T16:26:54.645+08:00&amp#27;[0;39m &amp#27;[32m INFO&amp#27;[0;39m &amp#27;[35m43458&amp#27;[0;39m &amp#27;[2m---&amp#27;[0;39m &amp#27;[2m[spring-boot-demo] [           main]&amp#27;[0;39m &amp#27;[2m&amp#27;[0;39m&amp#27;[36m.s.d.r.c.RepositoryConfigurationDelegate&amp#27;[0;39m &amp#27;[2m:&amp#27;[0;39m Bootstrapping Spring Data JPA repositories in DEFAULT mode.
&amp#27;[2m2025-07-31T16:26:54.672+08:00&amp#27;[0;39m &amp#27;[32m INFO&amp#27;[0;39m &amp#27;[35m43458&amp#27;[0;39m &amp#27;[2m---&amp#27;[0;39m &amp#27;[2m[spring-boot-demo] [           main]&amp#27;[0;39m &amp#27;[2m&amp#27;[0;39m&amp#27;[36m.s.d.r.c.RepositoryConfigurationDelegate&amp#27;[0;39m &amp#27;[2m:&amp#27;[0;39m Finished Spring Data repository scanning in 23 ms. Found 3 JPA repository interfaces.
&amp#27;[2m2025-07-31T16:26:55.076+08:00&amp#27;[0;39m &amp#27;[32m INFO&amp#27;[0;39m &amp#27;[35m43458&amp#27;[0;39m &amp#27;[2m---&amp#27;[0;39m &amp#27;[2m[spring-boot-demo] [           main]&amp#27;[0;39m &amp#27;[2m&amp#27;[0;39m&amp#27;[36mo.hibernate.jpa.internal.util.LogHelper &amp#27;[0;39m &amp#27;[2m:&amp#27;[0;39m HHH000204: Processing PersistenceUnitInfo [name: default]
&amp#27;[2m2025-07-31T16:26:55.106+08:00&amp#27;[0;39m &amp#27;[32m INFO&amp#27;[0;39m &amp#27;[35m43458&amp#27;[0;39m &amp#27;[2m---&amp#27;[0;39m &amp#27;[2m[spring-boot-demo] [           main]&amp#27;[0;39m &amp#27;[2m&amp#27;[0;39m&amp#27;[36morg.hibernate.Version                   &amp#27;[0;39m &amp#27;[2m:&amp#27;[0;39m HHH000412: Hibernate ORM core version 6.3.1.Final
&amp#27;[2m2025-07-31T16:26:55.122+08:00&amp#27;[0;39m &amp#27;[32m INFO&amp#27;[0;39m &amp#27;[35m43458&amp#27;[0;39m &amp#27;[2m---&amp#27;[0;39m &amp#27;[2m[spring-boot-demo] [           main]&amp#27;[0;39m &amp#27;[2m&amp#27;[0;39m&amp#27;[36mo.h.c.internal.RegionFactoryInitiator   &amp#27;[0;39m &amp#27;[2m:&amp#27;[0;39m HHH000026: Second-level cache disabled
&amp#27;[2m2025-07-31T16:26:55.235+08:00&amp#27;[0;39m &amp#27;[32m INFO&amp#27;[0;39m &amp#27;[35m43458&amp#27;[0;39m &amp#27;[2m---&amp#27;[0;39m &amp#27;[2m[spring-boot-demo] [           main]&amp#27;[0;39m &amp#27;[2m&amp#27;[0;39m&amp#27;[36mo.s.o.j.p.SpringPersistenceUnitInfo     &amp#27;[0;39m &amp#27;[2m:&amp#27;[0;39m No LoadTimeWeaver setup: ignoring JPA class transformer
&amp#27;[2m2025-07-31T16:26:55.248+08:00&amp#27;[0;39m &amp#27;[32m INFO&amp#27;[0;39m &amp#27;[35m43458&amp#27;[0;39m &amp#27;[2m---&amp#27;[0;39m &amp#27;[2m[spring-boot-demo] [           main]&amp#27;[0;39m &amp#27;[2m&amp#27;[0;39m&amp#27;[36mcom.zaxxer.hikari.HikariDataSource      &amp#27;[0;39m &amp#27;[2m:&amp#27;[0;39m HikariPool-1 - Starting...
&amp#27;[2m2025-07-31T16:26:55.367+08:00&amp#27;[0;39m &amp#27;[32m INFO&amp#27;[0;39m &amp#27;[35m43458&amp#27;[0;39m &amp#27;[2m---&amp#27;[0;39m &amp#27;[2m[spring-boot-demo] [           main]&amp#27;[0;39m &amp#27;[2m&amp#27;[0;39m&amp#27;[36mcom.zaxxer.hikari.pool.HikariPool       &amp#27;[0;39m &amp#27;[2m:&amp#27;[0;39m HikariPool-1 - Added connection com.mysql.cj.jdbc.ConnectionImpl@45832b85
&amp#27;[2m2025-07-31T16:26:55.368+08:00&amp#27;[0;39m &amp#27;[32m INFO&amp#27;[0;39m &amp#27;[35m43458&amp#27;[0;39m &amp#27;[2m---&amp#27;[0;39m &amp#27;[2m[spring-boot-demo] [           main]&amp#27;[0;39m &amp#27;[2m&amp#27;[0;39m&amp#27;[36mcom.zaxxer.hikari.HikariDataSource      &amp#27;[0;39m &amp#27;[2m:&amp#27;[0;39m HikariPool-1 - Start completed.
&amp#27;[2m2025-07-31T16:26:55.406+08:00&amp#27;[0;39m &amp#27;[33m WARN&amp#27;[0;39m &amp#27;[35m43458&amp#27;[0;39m &amp#27;[2m---&amp#27;[0;39m &amp#27;[2m[spring-boot-demo] [           main]&amp#27;[0;39m &amp#27;[2m&amp#27;[0;39m&amp#27;[36morg.hibernate.orm.deprecation           &amp#27;[0;39m &amp#27;[2m:&amp#27;[0;39m HHH90000025: MySQLDialect does not need to be specified explicitly using 'hibernate.dialect' (remove the property setting and it will be selected by default)
&amp#27;[2m2025-07-31T16:26:56.273+08:00&amp#27;[0;39m &amp#27;[32m INFO&amp#27;[0;39m &amp#27;[35m43458&amp#27;[0;39m &amp#27;[2m---&amp#27;[0;39m &amp#27;[2m[spring-boot-demo] [           main]&amp#27;[0;39m &amp#27;[2m&amp#27;[0;39m&amp#27;[36mo.h.e.t.j.p.i.JtaPlatformInitiator      &amp#27;[0;39m &amp#27;[2m:&amp#27;[0;39m HHH000489: No JTA platform available (set 'hibernate.transaction.jta.platform' to enable JTA platform integration)
&amp#27;[2m2025-07-31T16:26:56.344+08:00&amp#27;[0;39m &amp#27;[32m INFO&amp#27;[0;39m &amp#27;[35m43458&amp#27;[0;39m &amp#27;[2m---&amp#27;[0;39m &amp#27;[2m[spring-boot-demo] [           main]&amp#27;[0;39m &amp#27;[2m&amp#27;[0;39m&amp#27;[36mj.LocalContainerEntityManagerFactoryBean&amp#27;[0;39m &amp#27;[2m:&amp#27;[0;39m Initialized JPA EntityManagerFactory for persistence unit 'default'
&amp#27;[2m2025-07-31T16:26:56.605+08:00&amp#27;[0;39m &amp#27;[32m INFO&amp#27;[0;39m &amp#27;[35m43458&amp#27;[0;39m &amp#27;[2m---&amp#27;[0;39m &amp#27;[2m[spring-boot-demo] [           main]&amp#27;[0;39m &amp#27;[2m&amp#27;[0;39m&amp#27;[36mo.s.d.j.r.query.QueryEnhancerFactory    &amp#27;[0;39m &amp#27;[2m:&amp#27;[0;39m Hibernate is in classpath; If applicable, HQL parser will be used.
&amp#27;[2m2025-07-31T16:26:57.296+08:00&amp#27;[0;39m &amp#27;[33m WARN&amp#27;[0;39m &amp#27;[35m43458&amp#27;[0;39m &amp#27;[2m---&amp#27;[0;39m &amp#27;[2m[spring-boot-demo] [           main]&amp#27;[0;39m &amp#27;[2m&amp#27;[0;39m&amp#27;[36mJpaBaseConfiguration$JpaWebConfiguration&amp#27;[0;39m &amp#27;[2m:&amp#27;[0;39m spring.jpa.open-in-view is enabled by default. Therefore, database queries may be performed during view rendering. Explicitly configure spring.jpa.open-in-view to disable this warning
&amp#27;[2m2025-07-31T16:26:57.757+08:00&amp#27;[0;39m &amp#27;[32m INFO&amp#27;[0;39m &amp#27;[35m43458&amp#27;[0;39m &amp#27;[2m---&amp#27;[0;39m &amp#27;[2m[spring-boot-demo] [           main]&amp#27;[0;39m &amp#27;[2m&amp#27;[0;39m&amp#27;[36mo.s.b.a.e.web.EndpointLinksResolver     &amp#27;[0;39m &amp#27;[2m:&amp#27;[0;39m Exposing 4 endpoint(s) beneath base path '/actuator'
&amp#27;[2m2025-07-31T16:26:57.799+08:00&amp#27;[0;39m &amp#27;[32m INFO&amp#27;[0;39m &amp#27;[35m43458&amp#27;[0;39m &amp#27;[2m---&amp#27;[0;39m &amp#27;[2m[spring-boot-demo] [           main]&amp#27;[0;39m &amp#27;[2m&amp#27;[0;39m&amp#27;[36mo.s.s.web.DefaultSecurityFilterChain    &amp#27;[0;39m &amp#27;[2m:&amp#27;[0;39m Will secure any request with [org.springframework.security.web.session.DisableEncodeUrlFilter@3b2b9b96, org.springframework.security.web.context.request.async.WebAsyncManagerIntegrationFilter@5078c8f6, org.springframework.security.web.context.SecurityContextHolderFilter@3fde6c3b, org.springframework.security.web.header.HeaderWriterFilter@4f168322, org.springframework.security.web.authentication.logout.LogoutFilter@1531fbc8, com.example.demo.security.JwtAuthenticationFilter@202d83b9, org.springframework.security.web.savedrequest.RequestCacheAwareFilter@10ab3bc0, org.springframework.security.web.servletapi.SecurityContextHolderAwareRequestFilter@3d5a6c07, org.springframework.security.web.authentication.AnonymousAuthenticationFilter@36d9efa6, org.springframework.security.web.session.SessionManagementFilter@8922006, org.springframework.security.web.access.ExceptionTranslationFilter@475ca2c6, org.springframework.security.web.access.intercept.AuthorizationFilter@6174ff60]
&amp#27;[2m2025-07-31T16:26:58.226+08:00&amp#27;[0;39m &amp#27;[32m INFO&amp#27;[0;39m &amp#27;[35m43458&amp#27;[0;39m &amp#27;[2m---&amp#27;[0;39m &amp#27;[2m[spring-boot-demo] [           main]&amp#27;[0;39m &amp#27;[2m&amp#27;[0;39m&amp#27;[36mcom.example.demo.DemoApplicationTests   &amp#27;[0;39m &amp#27;[2m:&amp#27;[0;39m Started DemoApplicationTests in 4.216 seconds (process running for 4.666)
&amp#27;[2m2025-07-31T16:26:58.313+08:00&amp#27;[0;39m &amp#27;[32mDEBUG&amp#27;[0;39m &amp#27;[35m43458&amp#27;[0;39m &amp#27;[2m---&amp#27;[0;39m &amp#27;[2m[spring-boot-demo] [           main]&amp#27;[0;39m &amp#27;[2m&amp#27;[0;39m&amp#27;[36morg.hibernate.SQL                       &amp#27;[0;39m &amp#27;[2m:&amp#27;[0;39m 
    select
        count(*) 
    from
        users u1_0
Hibernate: 
    select
        count(*) 
    from
        users u1_0
&amp#27;[2m2025-07-31T16:26:58.320+08:00&amp#27;[0;39m &amp#27;[32m INFO&amp#27;[0;39m &amp#27;[35m43458&amp#27;[0;39m &amp#27;[2m---&amp#27;[0;39m &amp#27;[2m[spring-boot-demo] [           main]&amp#27;[0;39m &amp#27;[2m&amp#27;[0;39m&amp#27;[36mc.example.demo.config.DataInitializer   &amp#27;[0;39m &amp#27;[2m:&amp#27;[0;39m 数据库中已有数据，跳过初始化
]]></system-out>
    <system-err><![CDATA[WARNING: A Java agent has been loaded dynamically (/Users/ben/.m2/repository/net/bytebuddy/byte-buddy-agent/1.14.10/byte-buddy-agent-1.14.10.jar)
WARNING: If a serviceability tool is in use, please run with -XX:+EnableDynamicAgentLoading to hide this warning
WARNING: If a serviceability tool is not in use, please run with -Djdk.instrument.traceUsage for more information
WARNING: Dynamic loading of agents will be disallowed by default in a future release
]]></system-err>
  </testcase>
</testsuite>